<?xml version="1.0" encoding="UTF-8"?>
<testng-results ignored="0" total="2" passed="1" failed="1" skipped="0">
  <reporter-output>
  </reporter-output>
  <suite started-at="2025-06-25T21:11:16 IST" name="EtvWin Suite" finished-at="2025-06-25T21:12:30 IST" duration-ms="73981">
    <groups>
    </groups>
    <test started-at="2025-06-25T21:11:16 IST" name="ChromeTest" finished-at="2025-06-25T21:12:30 IST" duration-ms="73981">
      <class name="com.etvwin.runner.TestRunner">
        <test-method is-config="true" signature="configuringLog4j()[pri:0, instance:com.etvwin.runner.TestRunner@38600b]" started-at="2025-06-25T21:11:16 IST" name="configuringLog4j" finished-at="2025-06-25T21:11:16 IST" duration-ms="84" status="PASS">
          <reporter-output>
          </reporter-output>
        </test-method> <!-- configuringLog4j -->
        <test-method is-config="true" signature="browserSetup(java.lang.String,java.lang.reflect.Method)[pri:0, instance:com.etvwin.runner.TestRunner@38600b]" started-at="2025-06-25T21:11:16 IST" name="browserSetup" finished-at="2025-06-25T21:11:21 IST" duration-ms="5321" status="PASS">
          <params>
            <param index="0">
              <value>
                <![CDATA[chrome]]>
              </value>
            </param>
            <param index="1">
              <value>
                <![CDATA[public void com.etvwin.runner.TestRunner.Tc001_VerifyItems_NavBar()]]>
              </value>
            </param>
          </params>
          <reporter-output>
          </reporter-output>
        </test-method> <!-- browserSetup -->
        <test-method signature="Tc001_VerifyItems_NavBar()[pri:1, instance:com.etvwin.runner.TestRunner@38600b]" started-at="2025-06-25T21:11:21 IST" name="Tc001_VerifyItems_NavBar" finished-at="2025-06-25T21:11:51 IST" duration-ms="29445" status="PASS">
          <reporter-output>
          </reporter-output>
        </test-method> <!-- Tc001_VerifyItems_NavBar -->
        <test-method is-config="true" signature="browserTeardown(org.testng.ITestResult)[pri:0, instance:com.etvwin.runner.TestRunner@38600b]" started-at="2025-06-25T21:11:51 IST" name="browserTeardown" finished-at="2025-06-25T21:11:51 IST" duration-ms="290" status="PASS">
          <params>
            <param index="0">
              <value>
                <![CDATA[[TestResult name=Tc001_VerifyItems_NavBar status=SUCCESS method=TestRunner.Tc001_VerifyItems_NavBar()[pri:1, instance:com.etvwin.runner.TestRunner@38600b] output={null}]]]>
              </value>
            </param>
          </params>
          <reporter-output>
          </reporter-output>
        </test-method> <!-- browserTeardown -->
        <test-method is-config="true" signature="browserSetup(java.lang.String,java.lang.reflect.Method)[pri:0, instance:com.etvwin.runner.TestRunner@38600b]" started-at="2025-06-25T21:11:51 IST" name="browserSetup" finished-at="2025-06-25T21:11:55 IST" duration-ms="3896" status="PASS">
          <params>
            <param index="0">
              <value>
                <![CDATA[chrome]]>
              </value>
            </param>
            <param index="1">
              <value>
                <![CDATA[public void com.etvwin.runner.TestRunner.Tc002_VerifyposterimageonHomeCarasoul()]]>
              </value>
            </param>
          </params>
          <reporter-output>
          </reporter-output>
        </test-method> <!-- browserSetup -->
        <test-method signature="Tc002_VerifyposterimageonHomeCarasoul()[pri:2, instance:com.etvwin.runner.TestRunner@38600b]" started-at="2025-06-25T21:11:55 IST" name="Tc002_VerifyposterimageonHomeCarasoul" finished-at="2025-06-25T21:12:25 IST" duration-ms="30062" status="FAIL">
          <exception class="org.openqa.selenium.ScriptTimeoutException">
            <message>
              <![CDATA[script timeout
  (Session info: chrome=137.0.7151.104)
Build info: version: '4.16.1', revision: '9b4c83354e'
System info: os.name: 'Windows 11', os.arch: 'amd64', os.version: '10.0', java.version: '17.0.11'
Driver info: org.openqa.selenium.chrome.ChromeDriver
Command: [52827c544c8a7ad5c06cef99b70a7504, executeAsyncScript {script=arguments[0].scrollIntoView(true);, args=[{element-6066-11e4-a52e-4f735466cecf=f.E399FA92BE7D2235CC375E1C536A5F2C.d.333BDC16BCE2DDA0564A5424C3A4D6F4.e.28}]}]
Capabilities {acceptInsecureCerts: false, browserName: chrome, browserVersion: 137.0.7151.104, chrome: {chromedriverVersion: 137.0.7151.119 (e0ac9d12dff..., userDataDir: C:\Users\rudra\AppData\Loca...}, fedcm:accounts: true, goog:chromeOptions: {debuggerAddress: localhost:56464}, networkConnectionEnabled: false, pageLoadStrategy: normal, platformName: windows, proxy: Proxy(), se:cdp: ws://localhost:56464/devtoo..., se:cdpVersion: 137.0.7151.104, setWindowRect: true, strictFileInteractability: false, timeouts: {implicit: 0, pageLoad: 300000, script: 30000}, unhandledPromptBehavior: dismiss and notify, webauthn:extension:credBlob: true, webauthn:extension:largeBlob: true, webauthn:extension:minPinLength: true, webauthn:extension:prf: true, webauthn:virtualAuthenticators: true}
Session ID: 52827c544c8a7ad5c06cef99b70a7504]]>
            </message>
            <full-stacktrace>
              <![CDATA[org.openqa.selenium.ScriptTimeoutException: script timeout
  (Session info: chrome=137.0.7151.104)
Build info: version: '4.16.1', revision: '9b4c83354e'
System info: os.name: 'Windows 11', os.arch: 'amd64', os.version: '10.0', java.version: '17.0.11'
Driver info: org.openqa.selenium.chrome.ChromeDriver
Command: [52827c544c8a7ad5c06cef99b70a7504, executeAsyncScript {script=arguments[0].scrollIntoView(true);, args=[{element-6066-11e4-a52e-4f735466cecf=f.E399FA92BE7D2235CC375E1C536A5F2C.d.333BDC16BCE2DDA0564A5424C3A4D6F4.e.28}]}]
Capabilities {acceptInsecureCerts: false, browserName: chrome, browserVersion: 137.0.7151.104, chrome: {chromedriverVersion: 137.0.7151.119 (e0ac9d12dff..., userDataDir: C:\Users\rudra\AppData\Loca...}, fedcm:accounts: true, goog:chromeOptions: {debuggerAddress: localhost:56464}, networkConnectionEnabled: false, pageLoadStrategy: normal, platformName: windows, proxy: Proxy(), se:cdp: ws://localhost:56464/devtoo..., se:cdpVersion: 137.0.7151.104, setWindowRect: true, strictFileInteractability: false, timeouts: {implicit: 0, pageLoad: 300000, script: 30000}, unhandledPromptBehavior: dismiss and notify, webauthn:extension:credBlob: true, webauthn:extension:largeBlob: true, webauthn:extension:minPinLength: true, webauthn:extension:prf: true, webauthn:virtualAuthenticators: true}
Session ID: 52827c544c8a7ad5c06cef99b70a7504
at java.base/jdk.internal.reflect.NativeConstructorAccessorImpl.newInstance0(Native Method)
at java.base/jdk.internal.reflect.NativeConstructorAccessorImpl.newInstance(NativeConstructorAccessorImpl.java:77)
at java.base/jdk.internal.reflect.DelegatingConstructorAccessorImpl.newInstance(DelegatingConstructorAccessorImpl.java:45)
at java.base/java.lang.reflect.Constructor.newInstanceWithCaller(Constructor.java:499)
at java.base/java.lang.reflect.Constructor.newInstance(Constructor.java:480)
at org.openqa.selenium.remote.codec.w3c.W3CHttpResponseCodec.createException(W3CHttpResponseCodec.java:200)
at org.openqa.selenium.remote.codec.w3c.W3CHttpResponseCodec.decode(W3CHttpResponseCodec.java:133)
at org.openqa.selenium.remote.codec.w3c.W3CHttpResponseCodec.decode(W3CHttpResponseCodec.java:52)
at org.openqa.selenium.remote.HttpCommandExecutor.execute(HttpCommandExecutor.java:191)
at org.openqa.selenium.remote.service.DriverCommandExecutor.invokeExecute(DriverCommandExecutor.java:200)
at org.openqa.selenium.remote.service.DriverCommandExecutor.execute(DriverCommandExecutor.java:175)
at org.openqa.selenium.remote.RemoteWebDriver.execute(RemoteWebDriver.java:523)
at org.openqa.selenium.remote.RemoteWebDriver.executeAsyncScript(RemoteWebDriver.java:476)
at java.base/jdk.internal.reflect.NativeMethodAccessorImpl.invoke0(Native Method)
at java.base/jdk.internal.reflect.NativeMethodAccessorImpl.invoke(NativeMethodAccessorImpl.java:77)
at java.base/jdk.internal.reflect.DelegatingMethodAccessorImpl.invoke(DelegatingMethodAccessorImpl.java:43)
at java.base/java.lang.reflect.Method.invoke(Method.java:568)
at org.openqa.selenium.support.decorators.WebDriverDecorator.call(WebDriverDecorator.java:249)
at org.openqa.selenium.support.decorators.DefaultDecorated.call(DefaultDecorated.java:48)
at org.openqa.selenium.support.decorators.WebDriverDecorator.lambda$createProxy$2(WebDriverDecorator.java:321)
at net.bytebuddy.renamed.java.lang.Object$ByteBuddy$MHjBe70V.executeAsyncScript(Unknown Source)
at com.etvwin.pageobjects.HomePageObject.verifyItemsonSlider(HomePageObject.java:155)
at com.etvwin.modules.HomePageModule.verifylogoItemsSliderHime(HomePageModule.java:30)
at com.etvwin.scripts.HomePageScript.verifyposterimageCarasoulHome(HomePageScript.java:37)
at com.etvwin.runner.TestRunner.Tc002_VerifyposterimageonHomeCarasoul(TestRunner.java:37)
at java.base/jdk.internal.reflect.NativeMethodAccessorImpl.invoke0(Native Method)
at java.base/jdk.internal.reflect.NativeMethodAccessorImpl.invoke(NativeMethodAccessorImpl.java:77)
at java.base/jdk.internal.reflect.DelegatingMethodAccessorImpl.invoke(DelegatingMethodAccessorImpl.java:43)
at java.base/java.lang.reflect.Method.invoke(Method.java:568)
at org.testng.internal.invokers.MethodInvocationHelper.invokeMethod(MethodInvocationHelper.java:139)
at org.testng.internal.invokers.TestInvoker.invokeMethod(TestInvoker.java:664)
at org.testng.internal.invokers.TestInvoker.invokeTestMethod(TestInvoker.java:227)
at org.testng.internal.invokers.MethodRunner.runInSequence(MethodRunner.java:50)
at org.testng.internal.invokers.TestInvoker$MethodInvocationAgent.invoke(TestInvoker.java:957)
at org.testng.internal.invokers.TestInvoker.invokeTestMethods(TestInvoker.java:200)
at org.testng.internal.invokers.TestMethodWorker.invokeTestMethods(TestMethodWorker.java:148)
at org.testng.internal.invokers.TestMethodWorker.run(TestMethodWorker.java:128)
at java.base/java.util.ArrayList.forEach(ArrayList.java:1511)
at org.testng.TestRunner.privateRun(TestRunner.java:848)
at org.testng.TestRunner.run(TestRunner.java:621)
at org.testng.SuiteRunner.runTest(SuiteRunner.java:443)
at org.testng.SuiteRunner.runSequentially(SuiteRunner.java:437)
at org.testng.SuiteRunner.privateRun(SuiteRunner.java:397)
at org.testng.SuiteRunner.run(SuiteRunner.java:336)
at org.testng.SuiteRunnerWorker.runSuite(SuiteRunnerWorker.java:52)
at org.testng.SuiteRunnerWorker.run(SuiteRunnerWorker.java:95)
at org.testng.TestNG.runSuitesSequentially(TestNG.java:1280)
at org.testng.TestNG.runSuitesLocally(TestNG.java:1200)
at org.testng.TestNG.runSuites(TestNG.java:1114)
at org.testng.TestNG.run(TestNG.java:1082)
at org.testng.remote.AbstractRemoteTestNG.run(AbstractRemoteTestNG.java:115)
at org.testng.remote.RemoteTestNG.initAndRun(RemoteTestNG.java:293)
at org.testng.remote.RemoteTestNG.main(RemoteTestNG.java:91)
]]>
            </full-stacktrace>
          </exception> <!-- org.openqa.selenium.ScriptTimeoutException -->
          <reporter-output>
          </reporter-output>
        </test-method> <!-- Tc002_VerifyposterimageonHomeCarasoul -->
        <test-method is-config="true" signature="browserTeardown(org.testng.ITestResult)[pri:0, instance:com.etvwin.runner.TestRunner@38600b]" started-at="2025-06-25T21:12:25 IST" name="browserTeardown" finished-at="2025-06-25T21:12:30 IST" duration-ms="4849" status="PASS">
          <params>
            <param index="0">
              <value>
                <![CDATA[[TestResult name=Tc002_VerifyposterimageonHomeCarasoul status=FAILURE method=TestRunner.Tc002_VerifyposterimageonHomeCarasoul()[pri:2, instance:com.etvwin.runner.TestRunner@38600b] output={null}]]]>
              </value>
            </param>
          </params>
          <reporter-output>
          </reporter-output>
        </test-method> <!-- browserTeardown -->
      </class> <!-- com.etvwin.runner.TestRunner -->
    </test> <!-- ChromeTest -->
  </suite> <!-- EtvWin Suite -->
</testng-results>
